<?xml version="1.0" encoding="UTF-8"?>
<testng-results skipped="0" failed="1" total="3" passed="2">
  <reporter-output>
    <line>
      <![CDATA[ ]]>
    </line>
    <line>
      <![CDATA[***** STARTING TEST STEP:- LAUNCHTHEAPPLICATION *****]]>
    </line>
    <line>
      <![CDATA[ ]]>
    </line>
    <line>
      <![CDATA[ ]]>
    </line>
    <line>
      <![CDATA[***** STARTING TEST STEP:- ENTERPRISELOGIN_TA *****]]>
    </line>
    <line>
      <![CDATA[ ]]>
    </line>
    <line>
      <![CDATA[ ]]>
    </line>
    <line>
      <![CDATA[***** STARTING TEST STEP:- CREATECAMPAIGN_TA *****]]>
    </line>
    <line>
      <![CDATA[ ]]>
    </line>
  </reporter-output>
  <suite name="Default suite" duration-ms="145665" started-at="2017-05-25T12:13:49Z" finished-at="2017-05-25T12:16:15Z">
    <groups>
    </groups>
    <test name="Default test" duration-ms="145665" started-at="2017-05-25T12:13:49Z" finished-at="2017-05-25T12:16:15Z">
      <class name="com.org.ishir.test.TegaUserCreations">
        <test-method status="PASS" signature="Start_Test_Session()[pri:0, instance:com.org.ishir.test.TegaUserCreations@13deb50e]" name="Start_Test_Session" is-config="true" duration-ms="5316" started-at="2017-05-25T17:43:49Z" finished-at="2017-05-25T17:43:55Z">
          <reporter-output>
          </reporter-output>
        </test-method> <!-- Start_Test_Session -->
        <test-method status="PASS" signature="handleTestMethodName(java.lang.reflect.Method)[pri:0, instance:com.org.ishir.test.TegaUserCreations@13deb50e]" name="handleTestMethodName" is-config="true" duration-ms="0" started-at="2017-05-25T17:43:55Z" finished-at="2017-05-25T17:43:55Z">
          <params>
            <param index="0">
              <value>
                <![CDATA[public void com.org.ishir.test.TegaUserCreations.launchTheApplication()]]>
              </value>
            </param>
          </params>
          <reporter-output>
            <line>
              <![CDATA[ ]]>
            </line>
            <line>
              <![CDATA[***** STARTING TEST STEP:- LAUNCHTHEAPPLICATION *****]]>
            </line>
            <line>
              <![CDATA[ ]]>
            </line>
          </reporter-output>
        </test-method> <!-- handleTestMethodName -->
        <test-method status="PASS" signature="launchTheApplication()[pri:0, instance:com.org.ishir.test.TegaUserCreations@13deb50e]" name="launchTheApplication" duration-ms="3902" started-at="2017-05-25T17:43:55Z" finished-at="2017-05-25T17:43:59Z">
          <reporter-output>
          </reporter-output>
        </test-method> <!-- launchTheApplication -->
        <test-method status="PASS" signature="handleTestMethodName(java.lang.reflect.Method)[pri:0, instance:com.org.ishir.test.TegaUserCreations@13deb50e]" name="handleTestMethodName" is-config="true" duration-ms="0" started-at="2017-05-25T17:43:59Z" finished-at="2017-05-25T17:43:59Z">
          <params>
            <param index="0">
              <value>
                <![CDATA[public void com.org.ishir.test.TegaUserCreations.EnterpriseLogin_TA() throws java.lang.Exception]]>
              </value>
            </param>
          </params>
          <reporter-output>
            <line>
              <![CDATA[ ]]>
            </line>
            <line>
              <![CDATA[***** STARTING TEST STEP:- ENTERPRISELOGIN_TA *****]]>
            </line>
            <line>
              <![CDATA[ ]]>
            </line>
          </reporter-output>
        </test-method> <!-- handleTestMethodName -->
        <test-method status="PASS" signature="EnterpriseLogin_TA()[pri:1, instance:com.org.ishir.test.TegaUserCreations@13deb50e]" name="EnterpriseLogin_TA" duration-ms="25160" started-at="2017-05-25T17:43:59Z" depends-on-methods="com.org.ishir.test.TegaUserCreations.launchTheApplication" finished-at="2017-05-25T17:44:24Z">
          <reporter-output>
          </reporter-output>
        </test-method> <!-- EnterpriseLogin_TA -->
        <test-method status="FAIL" signature="CreateCampaign_TA()[pri:2, instance:com.org.ishir.test.TegaUserCreations@13deb50e]" name="CreateCampaign_TA" duration-ms="111238" started-at="2017-05-25T17:44:24Z" depends-on-methods="com.org.ishir.test.TegaUserCreations.EnterpriseLogin_TA" finished-at="2017-05-25T17:46:15Z">
          <exception class="org.openqa.selenium.NoSuchElementException">
            <message>
              <![CDATA[no such element: Unable to locate element: {"method":"xpath","selector":"//div[@id='collapseOne']//option[@value='object:1430']"}
  (Session info: chrome=58.0.3029.110)
  (Driver info: chromedriver=2.29.461591 (62ebf098771772160f391d75e589dc567915b233),platform=Windows NT 6.1.7601 SP1 x86_64) (WARNING: The server did not provide any stacktrace information)
Command duration or timeout: 30.09 seconds
For documentation on this error, please visit: http://seleniumhq.org/exceptions/no_such_element.html
Build info: version: '2.53.0', revision: '35ae25b', time: '2016-03-15 17:00:58'
System info: host: 'ISHLTP53', ip: '10.0.0.162', os.name: 'Windows 7', os.arch: 'amd64', os.version: '6.1', java.version: '1.8.0_121'
Driver info: org.openqa.selenium.chrome.ChromeDriver
Capabilities [{applicationCacheEnabled=false, rotatable=false, mobileEmulationEnabled=false, networkConnectionEnabled=false, chrome={chromedriverVersion=2.29.461591 (62ebf098771772160f391d75e589dc567915b233), userDataDir=C:\Users\lkhetan\AppData\Local\Temp\scoped_dir15460_7302}, takesHeapSnapshot=true, pageLoadStrategy=normal, databaseEnabled=false, handlesAlerts=true, hasTouchScreen=false, version=58.0.3029.110, platform=XP, browserConnectionEnabled=false, nativeEvents=true, acceptSslCerts=true, locationContextEnabled=true, webStorageEnabled=true, browserName=chrome, takesScreenshot=true, javascriptEnabled=true, cssSelectorsEnabled=true, unexpectedAlertBehaviour=}]
Session ID: 2fa5ff4b12bb2902e6955ed357e39a60
*** Element info: {Using=xpath, value=//div[@id='collapseOne']//option[@value='object:1430']}]]>
            </message>
            <full-stacktrace>
              <![CDATA[org.openqa.selenium.NoSuchElementException: no such element: Unable to locate element: {"method":"xpath","selector":"//div[@id='collapseOne']//option[@value='object:1430']"}
  (Session info: chrome=58.0.3029.110)
  (Driver info: chromedriver=2.29.461591 (62ebf098771772160f391d75e589dc567915b233),platform=Windows NT 6.1.7601 SP1 x86_64) (WARNING: The server did not provide any stacktrace information)
Command duration or timeout: 30.09 seconds
For documentation on this error, please visit: http://seleniumhq.org/exceptions/no_such_element.html
Build info: version: '2.53.0', revision: '35ae25b', time: '2016-03-15 17:00:58'
System info: host: 'ISHLTP53', ip: '10.0.0.162', os.name: 'Windows 7', os.arch: 'amd64', os.version: '6.1', java.version: '1.8.0_121'
Driver info: org.openqa.selenium.chrome.ChromeDriver
Capabilities [{applicationCacheEnabled=false, rotatable=false, mobileEmulationEnabled=false, networkConnectionEnabled=false, chrome={chromedriverVersion=2.29.461591 (62ebf098771772160f391d75e589dc567915b233), userDataDir=C:\Users\lkhetan\AppData\Local\Temp\scoped_dir15460_7302}, takesHeapSnapshot=true, pageLoadStrategy=normal, databaseEnabled=false, handlesAlerts=true, hasTouchScreen=false, version=58.0.3029.110, platform=XP, browserConnectionEnabled=false, nativeEvents=true, acceptSslCerts=true, locationContextEnabled=true, webStorageEnabled=true, browserName=chrome, takesScreenshot=true, javascriptEnabled=true, cssSelectorsEnabled=true, unexpectedAlertBehaviour=}]
Session ID: 2fa5ff4b12bb2902e6955ed357e39a60
*** Element info: {Using=xpath, value=//div[@id='collapseOne']//option[@value='object:1430']}
	at sun.reflect.NativeConstructorAccessorImpl.newInstance0(Native Method)
	at sun.reflect.NativeConstructorAccessorImpl.newInstance(Unknown Source)
	at sun.reflect.DelegatingConstructorAccessorImpl.newInstance(Unknown Source)
	at java.lang.reflect.Constructor.newInstance(Unknown Source)
	at org.openqa.selenium.remote.ErrorHandler.createThrowable(ErrorHandler.java:206)
	at org.openqa.selenium.remote.ErrorHandler.throwIfResponseFailed(ErrorHandler.java:158)
	at org.openqa.selenium.remote.RemoteWebDriver.execute(RemoteWebDriver.java:678)
	at org.openqa.selenium.remote.RemoteWebDriver.findElement(RemoteWebDriver.java:363)
	at org.openqa.selenium.remote.RemoteWebDriver.findElementByXPath(RemoteWebDriver.java:500)
	at org.openqa.selenium.By$ByXPath.findElement(By.java:361)
	at org.openqa.selenium.remote.RemoteWebDriver.findElement(RemoteWebDriver.java:355)
	at com.org.pageObject.TegaAdmin.CreateCampaign_TA(TegaAdmin.java:192)
	at com.org.ishir.test.TegaUserCreations.CreateCampaign_TA(TegaUserCreations.java:189)
	at sun.reflect.NativeMethodAccessorImpl.invoke0(Native Method)
	at sun.reflect.NativeMethodAccessorImpl.invoke(Unknown Source)
	at sun.reflect.DelegatingMethodAccessorImpl.invoke(Unknown Source)
	at java.lang.reflect.Method.invoke(Unknown Source)
	at org.testng.internal.MethodInvocationHelper.invokeMethod(MethodInvocationHelper.java:100)
	at org.testng.internal.Invoker.invokeMethod(Invoker.java:646)
	at org.testng.internal.Invoker.invokeTestMethod(Invoker.java:811)
	at org.testng.internal.Invoker.invokeTestMethods(Invoker.java:1137)
	at org.testng.internal.TestMethodWorker.invokeTestMethods(TestMethodWorker.java:129)
	at org.testng.internal.TestMethodWorker.run(TestMethodWorker.java:112)
	at org.testng.TestRunner.privateRun(TestRunner.java:753)
	at org.testng.TestRunner.run(TestRunner.java:607)
	at org.testng.SuiteRunner.runTest(SuiteRunner.java:368)
	at org.testng.SuiteRunner.runSequentially(SuiteRunner.java:363)
	at org.testng.SuiteRunner.privateRun(SuiteRunner.java:321)
	at org.testng.SuiteRunner.run(SuiteRunner.java:270)
	at org.testng.SuiteRunnerWorker.runSuite(SuiteRunnerWorker.java:52)
	at org.testng.SuiteRunnerWorker.run(SuiteRunnerWorker.java:86)
	at org.testng.TestNG.runSuitesSequentially(TestNG.java:1284)
	at org.testng.TestNG.runSuitesLocally(TestNG.java:1209)
	at org.testng.TestNG.runSuites(TestNG.java:1124)
	at org.testng.TestNG.run(TestNG.java:1096)
	at org.testng.remote.AbstractRemoteTestNG.run(AbstractRemoteTestNG.java:132)
	at org.testng.remote.RemoteTestNG.initAndRun(RemoteTestNG.java:236)
	at org.testng.remote.RemoteTestNG.main(RemoteTestNG.java:81)
]]>
            </full-stacktrace>
          </exception> <!-- org.openqa.selenium.NoSuchElementException -->
          <reporter-output>
          </reporter-output>
        </test-method> <!-- CreateCampaign_TA -->
        <test-method status="PASS" signature="handleTestMethodName(java.lang.reflect.Method)[pri:0, instance:com.org.ishir.test.TegaUserCreations@13deb50e]" name="handleTestMethodName" is-config="true" duration-ms="0" started-at="2017-05-25T17:44:24Z" finished-at="2017-05-25T17:44:24Z">
          <params>
            <param index="0">
              <value>
                <![CDATA[public void com.org.ishir.test.TegaUserCreations.CreateCampaign_TA() throws java.lang.Exception]]>
              </value>
            </param>
          </params>
          <reporter-output>
            <line>
              <![CDATA[ ]]>
            </line>
            <line>
              <![CDATA[***** STARTING TEST STEP:- CREATECAMPAIGN_TA *****]]>
            </line>
            <line>
              <![CDATA[ ]]>
            </line>
          </reporter-output>
        </test-method> <!-- handleTestMethodName -->
      </class> <!-- com.org.ishir.test.TegaUserCreations -->
    </test> <!-- Default test -->
  </suite> <!-- Default suite -->
</testng-results>
